<?xml version="1.0" encoding="UTF-8"?>
<!-- Generated by org.testng.reporters.JUnitReportReporter -->
<testsuite hostname="DESKTOP-OAC4TPN" failures="0" tests="17" name="com.emerald.project.EmeraldTest" time="408.780" errors="0" timestamp="2020-10-19T15:23:14 PKT" skipped="0">
  <testcase classname="com.emerald.project.EmeraldTest" name="Emerald_Lunched" time="3.774"/>
  <system-out/>
  <testcase classname="com.emerald.project.EmeraldTest" name="Login" time="15.655"/>
  <system-out/>
  <testcase classname="com.emerald.project.EmeraldTest" name="DashbaordNewApplications" time="9.213"/>
  <system-out/>
  <testcase classname="com.emerald.project.EmeraldTest" name="testDashbaordChases" time="16.200"/>
  <system-out/>
  <testcase classname="com.emerald.project.EmeraldTest" name="Dashbaord_recentPayment" time="0.694"/>
  <system-out/>
  <testcase classname="com.emerald.project.EmeraldTest" name="testDashbaordApplicationSources" time="5.426"/>
  <system-out/>
  <testcase classname="com.emerald.project.EmeraldTest" name="testCreateNewApplications" time="66.269"/>
  <system-out/>
  <testcase classname="com.emerald.project.EmeraldTest" name="testQuestionnaire" time="19.585"/>
  <system-out/>
  <testcase classname="com.emerald.project.EmeraldTest" name="testCustomerChecklist" time="25.052"/>
  <system-out/>
  <testcase classname="com.emerald.project.EmeraldTest" name="testUnderWriterChecklist" time="23.491"/>
  <system-out/>
  <testcase classname="com.emerald.project.EmeraldTest" name="testRisk_checklist" time="29.905"/>
  <system-out/>
  <testcase classname="com.emerald.project.EmeraldTest" name="DailyPaymentSchedule" time="30.484"/>
  <system-out/>
  <testcase classname="com.emerald.project.EmeraldTest" name="testWeeklyPaymentSch" time="22.021"/>
  <system-out/>
  <testcase classname="com.emerald.project.EmeraldTest" name="testBioMonthlyPaymentSch" time="22.004"/>
  <system-out/>
  <testcase classname="com.emerald.project.EmeraldTest" name="testMonthlyPaymentSch" time="21.156"/>
  <system-out/>
  <testcase classname="com.emerald.project.EmeraldTest" name="testApplicationNotes" time="37.763"/>
  <system-out/>
  <testcase classname="com.emerald.project.EmeraldTest" name="testEquifaxVerification" time="60.088"/>
  <system-out/>
</testsuite> <!-- com.emerald.project.EmeraldTest -->
